Updating from: https://update.dolphin-emu.org/manifest/win/3c/c2/74880f47d340bd508dba91aaf37c48acd367.manifest
Updating to:   https://update.dolphin-emu.org/manifest/win/20/7c/931a04c8e2629a735bc2b3f36b5c89365ca7.manifest
Install path:  D:\Juegos\retrogaming\emulators\dolphin-emu
Waiting for parent PID 3856 to complete...
Completed! Proceeding with update.
Updating:
  - DSPTool.exe: c549171b3a980d3b9db89aabf797fa91 -> 921fbe83fcc04f152a1e5b8920130a5e
  - Dolphin.exe: aa0f22ba889db3b58c34b2883786ca54 -> b5ee4016c6421bef14fa1feb01eaa237
  - Languages/ar/dolphin-emu.mo: 404b1ac9864d8aa0c36e027c270570c4 -> 942d82e269c9e480e15410ac6114d085
  - Languages/ca/dolphin-emu.mo: 21ab63075327e898916875a409275db6 -> c8430d8f8858af31802b7b0ae9b002df
  - Languages/cs/dolphin-emu.mo: 00f1801044152fde4ed3a1f74cfe3663 -> 5f3a00813c99b7c8e42a1455723d47d4
  - Languages/da/dolphin-emu.mo: c9efef7a86cf04e6ca604601a97dc7b7 -> 2b6122cef4ee30d02b9cfb08b6a5a032
  - Languages/de/dolphin-emu.mo: 6f88b64d5d0791a6a3b7a90ff45f6d56 -> ac124c0e93cf62574f10c1ff13d8bdfd
  - Languages/el/dolphin-emu.mo: d73fbad891ccba8ffecdb7760a9c2e82 -> 3ee21a5fee2cfd08a5574265645ebf76
  - Languages/es/dolphin-emu.mo: 904c91864cc4716a1bb10f4aec922b91 -> 86a8a75f6c18e68e3627ef6e6bdd4d32
  - Languages/fa/dolphin-emu.mo: 2fc99d15a8dca0bd230cb864fda64b85 -> eef5ba5bb4cbc56d877dd95e890762a7
  - Languages/fr/dolphin-emu.mo: fa53ec701b30b9c02fa9f0f010130f23 -> 81e972a551fd483a5034664ee5af8de7
  - Languages/hr/dolphin-emu.mo: 10e7c9ce119f6aad034cb8b95c3bc572 -> c61b6886ab9c2555010ea7fb893489f6
  - Languages/hu/dolphin-emu.mo: 9b9b78faaac1f4ba21efe8b6699526cb -> 90391582d82a2eed74fa0f6e0408c333
  - Languages/it/dolphin-emu.mo: 9e2ca96e4b0e07d6998e9105c1263c04 -> 92fb9f7c7866c979ce1bfee69e17b559
  - Languages/ja/dolphin-emu.mo: 4d361b78b046f1cb7c1beba1ab82f98e -> 9f98128e8389f9dd1b8fc9c06b5809a7
  - Languages/ko/dolphin-emu.mo: 8eb3088af455bce0f515c94143fa1f68 -> 3ffb79b67ca1d13c1296f2a43057a0d6
  - Languages/ms/dolphin-emu.mo: f5502bfe78c04e027e71ea40ee6e1fd8 -> bef19bc8b461315cbe85044b666b576e
  - Languages/nb/dolphin-emu.mo: 473acd8a38dfec1a4ea2d31a64ce2887 -> 5874e76fa07444c8477fbda88056aac1
  - Languages/nl/dolphin-emu.mo: 99d56e20ab0ef34905e048c240208af6 -> 7fcdb21799f74f30a8b30796fc8fcb94
  - Languages/pl/dolphin-emu.mo: cf6a42f991b8e7008328f966dde2226f -> 08f4b34a275af588cdc098a84efa80b2
  - Languages/pt/dolphin-emu.mo: 0ec416d4c5ceaf652e1759cbedb90b42 -> cca829bbdca49b521f5ec5ede98cc2cd
  - Languages/pt_BR/dolphin-emu.mo: e40e31665c6adb59be818b0c3d61e719 -> 0028906d0891ab3d5bbff98f642beb3d
  - Languages/ro/dolphin-emu.mo: 7868e317ffc32f784ebb8d222623454c -> 98e0fc78106a79456a15f445a4b89574
  - Languages/ru/dolphin-emu.mo: 1347821d6f9f51658fb4adac7478e85f -> dbd6effee4801a0cc3b54a028e9cd7ce
  - Languages/sr/dolphin-emu.mo: ba2fd08975064c9dd2759279bb95d732 -> 93feeb8a755e51d3569e19f8963a18e2
  - Languages/sv/dolphin-emu.mo: ae3678833b4cc35f2b922e186bd2d764 -> cfd91e4673a759f1980d413ccd7dd0bf
  - Languages/tr/dolphin-emu.mo: 6af302900cf66c91880ef3ecc8aec265 -> d3b556c7ecd3b5d6e3e32b70eea09637
  - Languages/zh_CN/dolphin-emu.mo: c19841555771ddd485282b26fee58848 -> df3354c1395684d40aa8b36f24ee382d
  - Languages/zh_TW/dolphin-emu.mo: 0542ceab9ff6416f38a606abdd7f637d -> aa22749601ae849436b592c3758e8308
  - Sys/GC/dsp_rom.bin: 7f33e6600722791ccee5fd15d4330af8 -> 4ea1fea6c649bcf9f627007bc9403d54
  - Sys/GameSettings/ECH.ini: (new) -> 81bc48a0fbef4fa11bfee8581d915291
  - Sys/GameSettings/ECM.ini: (new) -> e2c02bd76c659101ca10260e5682181b
  - Sys/GameSettings/GCH.ini: (new) -> d62b66eb545cbbf3aa43874132011e82
  - Sys/GameSettings/GGV.ini: c46f1437c84b60d7d03c2e544403570d -> 35c93afb393cc4abdf1749e3d490296e
  - Sys/GameSettings/GGVD78.ini: (new) -> 1c189f84347af2aff2c625497708c9d4
  - Sys/GameSettings/GGVE78.ini: (new) -> e4faa38003d5c8f12e5f2144df4f61a9
  - Sys/GameSettings/GGVP78.ini: (new) -> 727d72a59ecb7e6aa9ffc90cba0a3052
  - Sys/GameSettings/GGVX78.ini: (new) -> 8fb35f919ce9e6f22a52afaecf3b2779
  - Sys/GameSettings/GIC.ini: 09063d7fad5c264cc857a5275184e7d8 -> 3956419a117d60909b0896563f8a67f8
  - Sys/GameSettings/GICD78.ini: (new) -> 7ad83de48a393a31d4e2191163786e07
  - Sys/GameSettings/GICE78.ini: 606b9f67c223f6e0b2f08571a66de0c6 -> fb377a9e5401a8ce6498c1586e308e55
  - Sys/GameSettings/GICF78.ini: (new) -> bf20b02a1c641688594ea7f4a0198563
  - Sys/GameSettings/GICH78.ini: (new) -> f2bd016b66f34f4d6c3f43e51d6e7f81
  - Sys/GameSettings/GICJG9.ini: (new) -> ed2bb00fec56ac217b5b7b98fc54289c
  - Sys/GameSettings/GICP78.ini: (new) -> f8cf51cedff8441ef9692cd37b78c313
  - Sys/GameSettings/GIH.ini: (new) -> 4e2229422d20b10fb768403254ecc757
  - Sys/GameSettings/GIQ.ini: 1b75094ec516fe5c8a047dd3f4c30303 -> f8e7432e2a271dd7cc2c646a907ff0fe
  - Sys/GameSettings/GIQE78.ini: 082c32a4f160e864dbf149b80bfefd3a -> 2795b1bb908b6b5c5d2074d48d166c85
  - Sys/GameSettings/GIQJ8P.ini: (new) -> 60c8caeb3777e57975a2cab911fc9d10
  - Sys/GameSettings/GIQX78.ini: (new) -> 569440c54b878f749950e8b4149f367f
  - Sys/GameSettings/GIQY78.ini: (new) -> 46bb615c62232cd6b7085e7f88b29b35
  - Sys/GameSettings/GLE.ini: (new) -> f2889f8fc6c078569f1a5ea56b81f7f6
  - Sys/GameSettings/GLSD64.ini: (new) -> 783bd802c9ff7a36c155a794d51fbf5d
  - Sys/GameSettings/GLSF64.ini: (new) -> 3538448ebdfca140b374d86083ef2acd
  - Sys/GameSettings/GLSP64.ini: (new) -> 71c40566cbdc6321c9ff1c378cee519d
  - Sys/GameSettings/GNM.ini: 6028b7e4a009986631a82d40aac34797 -> 8f3a00d5be40b9f2d1e4883d2a2d1464
  - Sys/GameSettings/GQP.ini: (new) -> 7704303c9a9ee6d3f22a1bb54bff0942
  - Sys/GameSettings/GQPE78.ini: (new) -> cb1894724a1dc9c68bfa152e050f614f
  - Sys/GameSettings/GQPP78.ini: (new) -> 6b27f9a0c4256a93805d4712cb0fa431
  - Sys/GameSettings/GR6.ini: 5951ccdbdc288fc7ce107b8f55784ca2 -> 78a4466ff082a46af3c7d9062b92da26
  - Sys/GameSettings/GU2.ini: (new) -> e9db74b3093588559e47bbf365dcb114
  - Sys/GameSettings/GU2D78.ini: (new) -> ad39d860f48898e0e91b32dee4ff5927
  - Sys/GameSettings/GU2F78.ini: (new) -> f6b629dc8e3ecf708b7dc67bee2bbd8b
  - Sys/GameSettings/GU3.ini: (new) -> f4220006a2bcb3105a8fe316125e02fc
  - Sys/GameSettings/GU3D78.ini: (new) -> 889fdb5be654fd3630f06469002e9f72
  - Sys/GameSettings/GU3X78.ini: (new) -> f0b2b64abc5da9c4ceaf031e422f9c18
  - Sys/GameSettings/GU4.ini: (new) -> a58fd0db4ac55994a3aef858c714af91
  - Sys/GameSettings/GU4Y78.ini: (new) -> 246ed9c4494731dd7a1b5809614a9bda
  - Sys/GameSettings/GVD.ini: (new) -> 497127b7a1739a3d459bc2635ed5e591
  - Sys/GameSettings/GWK.ini: (new) -> e1734d82a34d7825fa5218ce39dab2c6
  - Sys/GameSettings/GXG.ini: a4cfee874f354c5ca92e9c5879249cdd -> 0807e447f08cd46fa6541a19ce21e910
  - Sys/GameSettings/R5F.ini: (new) -> bf843169e75aeb4358ee7bf9c5863b5e
  - Sys/GameSettings/R8I.ini: (new) -> 6e9f2ba485b64895c5bfa2dcaa68da0b
  - Sys/GameSettings/R8R.ini: (new) -> afe6fdde387a6abd42172308672a5bd2
  - Sys/GameSettings/RB5.ini: (new) -> 79bc90a0da79eacf22b6e3cea107a67c
  - Sys/GameSettings/RB9.ini: 918436a159331da5a0fc88fe0cada6aa -> 88be2ddf32a58c9207b62fb5db451c64
  - Sys/GameSettings/RCK.ini: 5e8451870ceb6e2e4c151e99515d4c74 -> 38916f20dacf99fef79800e7f49e7c6a
  - Sys/GameSettings/RI8.ini: (new) -> 511953fd48534a956469e5e3e1390aac
  - Sys/GameSettings/RNO.ini: 9a296040ac494067258c86bf27e6aa8d -> 458e2b03ea0dafd29dc010bdd830b0c3
  - Sys/GameSettings/RRL.ini: b5e394cd18d04a54c3285b45d711daa9 -> 7de706e8393234aa703229fec786986c
  - Sys/GameSettings/RRT.ini: (new) -> 157546d7087ceeef1788fd8ef25bbe73
  - Sys/GameSettings/RSJ.ini: 5117a8e3d6eb2558d28e145c737a1891 -> 2d89e7a9483713c422ad392143a6156b
  - Sys/GameSettings/RVA.ini: (new) -> 6b8b719d9f6041f50f765de522b85b93
  - Sys/GameSettings/ST6.ini: (new) -> 1409fcab9a461867a35401e96af7fd53
  - Updater.exe: 4e39bfc22390d2f574a1b0648672b8ce -> f9bda0cd7119deebe79241f537b46f34
Starting download step...
Downloading https://update.dolphin-emu.org/content/92/1f/be83fcc04f152a1e5b8920130a5e ...
Downloading https://update.dolphin-emu.org/content/b5/ee/4016c6421bef14fa1feb01eaa237 ...
Downloading https://update.dolphin-emu.org/content/94/2d/82e269c9e480e15410ac6114d085 ...
Downloading https://update.dolphin-emu.org/content/c8/43/0d8f8858af31802b7b0ae9b002df ...
Downloading https://update.dolphin-emu.org/content/5f/3a/00813c99b7c8e42a1455723d47d4 ...
Downloading https://update.dolphin-emu.org/content/2b/61/22cef4ee30d02b9cfb08b6a5a032 ...
Downloading https://update.dolphin-emu.org/content/ac/12/4c0e93cf62574f10c1ff13d8bdfd ...
Downloading https://update.dolphin-emu.org/content/3e/e2/1a5fee2cfd08a5574265645ebf76 ...
Downloading https://update.dolphin-emu.org/content/86/a8/a75f6c18e68e3627ef6e6bdd4d32 ...
Downloading https://update.dolphin-emu.org/content/ee/f5/ba5bb4cbc56d877dd95e890762a7 ...
Downloading https://update.dolphin-emu.org/content/81/e9/72a551fd483a5034664ee5af8de7 ...
Downloading https://update.dolphin-emu.org/content/c6/1b/6886ab9c2555010ea7fb893489f6 ...
Downloading https://update.dolphin-emu.org/content/90/39/1582d82a2eed74fa0f6e0408c333 ...
Downloading https://update.dolphin-emu.org/content/92/fb/9f7c7866c979ce1bfee69e17b559 ...
Downloading https://update.dolphin-emu.org/content/9f/98/128e8389f9dd1b8fc9c06b5809a7 ...
Downloading https://update.dolphin-emu.org/content/3f/fb/79b67ca1d13c1296f2a43057a0d6 ...
Downloading https://update.dolphin-emu.org/content/be/f1/9bc8b461315cbe85044b666b576e ...
Downloading https://update.dolphin-emu.org/content/58/74/e76fa07444c8477fbda88056aac1 ...
Downloading https://update.dolphin-emu.org/content/7f/cd/b21799f74f30a8b30796fc8fcb94 ...
Downloading https://update.dolphin-emu.org/content/08/f4/b34a275af588cdc098a84efa80b2 ...
Downloading https://update.dolphin-emu.org/content/cc/a8/29bbdca49b521f5ec5ede98cc2cd ...
Downloading https://update.dolphin-emu.org/content/00/28/906d0891ab3d5bbff98f642beb3d ...
Downloading https://update.dolphin-emu.org/content/98/e0/fc78106a79456a15f445a4b89574 ...
Downloading https://update.dolphin-emu.org/content/db/d6/effee4801a0cc3b54a028e9cd7ce ...
Downloading https://update.dolphin-emu.org/content/93/fe/eb8a755e51d3569e19f8963a18e2 ...
Downloading https://update.dolphin-emu.org/content/cf/d9/1e4673a759f1980d413ccd7dd0bf ...
Downloading https://update.dolphin-emu.org/content/d3/b5/56c7ecd3b5d6e3e32b70eea09637 ...
Downloading https://update.dolphin-emu.org/content/df/33/54c1395684d40aa8b36f24ee382d ...
Downloading https://update.dolphin-emu.org/content/aa/22/749601ae849436b592c3758e8308 ...
Downloading https://update.dolphin-emu.org/content/4e/a1/fea6c649bcf9f627007bc9403d54 ...
Downloading https://update.dolphin-emu.org/content/81/bc/48a0fbef4fa11bfee8581d915291 ...
Downloading https://update.dolphin-emu.org/content/e2/c0/2bd76c659101ca10260e5682181b ...
Downloading https://update.dolphin-emu.org/content/d6/2b/66eb545cbbf3aa43874132011e82 ...
Downloading https://update.dolphin-emu.org/content/35/c9/3afb393cc4abdf1749e3d490296e ...
Downloading https://update.dolphin-emu.org/content/1c/18/9f84347af2aff2c625497708c9d4 ...
Downloading https://update.dolphin-emu.org/content/e4/fa/a38003d5c8f12e5f2144df4f61a9 ...
Downloading https://update.dolphin-emu.org/content/72/7d/72a59ecb7e6aa9ffc90cba0a3052 ...
Downloading https://update.dolphin-emu.org/content/8f/b3/5f919ce9e6f22a52afaecf3b2779 ...
Downloading https://update.dolphin-emu.org/content/39/56/419a117d60909b0896563f8a67f8 ...
Downloading https://update.dolphin-emu.org/content/7a/d8/3de48a393a31d4e2191163786e07 ...
Downloading https://update.dolphin-emu.org/content/fb/37/7a9e5401a8ce6498c1586e308e55 ...
Downloading https://update.dolphin-emu.org/content/bf/20/b02a1c641688594ea7f4a0198563 ...
Downloading https://update.dolphin-emu.org/content/f2/bd/016b66f34f4d6c3f43e51d6e7f81 ...
Downloading https://update.dolphin-emu.org/content/ed/2b/b00fec56ac217b5b7b98fc54289c ...
Downloading https://update.dolphin-emu.org/content/f8/cf/51cedff8441ef9692cd37b78c313 ...
Downloading https://update.dolphin-emu.org/content/4e/22/29422d20b10fb768403254ecc757 ...
Downloading https://update.dolphin-emu.org/content/f8/e7/432e2a271dd7cc2c646a907ff0fe ...
Downloading https://update.dolphin-emu.org/content/27/95/b1bb908b6b5c5d2074d48d166c85 ...
Downloading https://update.dolphin-emu.org/content/60/c8/caeb3777e57975a2cab911fc9d10 ...
Downloading https://update.dolphin-emu.org/content/56/94/40c54b878f749950e8b4149f367f ...
Downloading https://update.dolphin-emu.org/content/46/bb/615c62232cd6b7085e7f88b29b35 ...
Downloading https://update.dolphin-emu.org/content/f2/88/9f8fc6c078569f1a5ea56b81f7f6 ...
Downloading https://update.dolphin-emu.org/content/78/3b/d802c9ff7a36c155a794d51fbf5d ...
Downloading https://update.dolphin-emu.org/content/35/38/448ebdfca140b374d86083ef2acd ...
Downloading https://update.dolphin-emu.org/content/71/c4/0566cbdc6321c9ff1c378cee519d ...
Downloading https://update.dolphin-emu.org/content/8f/3a/00d5be40b9f2d1e4883d2a2d1464 ...
Downloading https://update.dolphin-emu.org/content/77/04/303c9a9ee6d3f22a1bb54bff0942 ...
Downloading https://update.dolphin-emu.org/content/cb/18/94724a1dc9c68bfa152e050f614f ...
Downloading https://update.dolphin-emu.org/content/6b/27/f9a0c4256a93805d4712cb0fa431 ...
Downloading https://update.dolphin-emu.org/content/78/a4/466ff082a46af3c7d9062b92da26 ...
Downloading https://update.dolphin-emu.org/content/e9/db/74b3093588559e47bbf365dcb114 ...
Downloading https://update.dolphin-emu.org/content/ad/39/d860f48898e0e91b32dee4ff5927 ...
Downloading https://update.dolphin-emu.org/content/f6/b6/29dc8e3ecf708b7dc67bee2bbd8b ...
Downloading https://update.dolphin-emu.org/content/f4/22/0006a2bcb3105a8fe316125e02fc ...
Downloading https://update.dolphin-emu.org/content/88/9f/db5be654fd3630f06469002e9f72 ...
Downloading https://update.dolphin-emu.org/content/f0/b2/b64abc5da9c4ceaf031e422f9c18 ...
Downloading https://update.dolphin-emu.org/content/a5/8f/d0db4ac55994a3aef858c714af91 ...
Downloading https://update.dolphin-emu.org/content/24/6e/d9c4494731dd7a1b5809614a9bda ...
Downloading https://update.dolphin-emu.org/content/49/71/27b7a1739a3d459bc2635ed5e591 ...
Downloading https://update.dolphin-emu.org/content/e1/73/4d82a34d7825fa5218ce39dab2c6 ...
Downloading https://update.dolphin-emu.org/content/08/07/e447f08cd46fa6541a19ce21e910 ...
Downloading https://update.dolphin-emu.org/content/bf/84/3169e75aeb4358ee7bf9c5863b5e ...
Downloading https://update.dolphin-emu.org/content/6e/9f/2ba485b64895c5bfa2dcaa68da0b ...
Downloading https://update.dolphin-emu.org/content/af/e6/fdde387a6abd42172308672a5bd2 ...
Downloading https://update.dolphin-emu.org/content/79/bc/90a0da79eacf22b6e3cea107a67c ...
Downloading https://update.dolphin-emu.org/content/88/be/2ddf32a58c9207b62fb5db451c64 ...
Downloading https://update.dolphin-emu.org/content/38/91/6f20dacf99fef79800e7f49e7c6a ...
Downloading https://update.dolphin-emu.org/content/51/19/53fd48534a956469e5e3e1390aac ...
Downloading https://update.dolphin-emu.org/content/45/8e/2b03ea0dafd29dc010bdd830b0c3 ...
Downloading https://update.dolphin-emu.org/content/7d/e7/06e8393234aa703229fec786986c ...
Downloading https://update.dolphin-emu.org/content/15/75/46d7087ceeef1788fd8ef25bbe73 ...
Downloading https://update.dolphin-emu.org/content/2d/89/e7a9483713c422ad392143a6156b ...
Downloading https://update.dolphin-emu.org/content/6b/8b/719d9f6041f50f765de522b85b93 ...
Downloading https://update.dolphin-emu.org/content/14/09/fcab9a461867a35401e96af7fd53 ...
Downloading https://update.dolphin-emu.org/content/f9/bd/a0cd7119deebe79241f537b46f34 ...
Download step completed.
Starting update step...
Updating file DSPTool.exe from content 921fbe83fcc04f152a1e5b8920130a5e...
Updating file Dolphin.exe from content b5ee4016c6421bef14fa1feb01eaa237...
Updating file Languages/ar/dolphin-emu.mo from content 942d82e269c9e480e15410ac6114d085...
Updating file Languages/ca/dolphin-emu.mo from content c8430d8f8858af31802b7b0ae9b002df...
Updating file Languages/cs/dolphin-emu.mo from content 5f3a00813c99b7c8e42a1455723d47d4...
Updating file Languages/da/dolphin-emu.mo from content 2b6122cef4ee30d02b9cfb08b6a5a032...
Updating file Languages/de/dolphin-emu.mo from content ac124c0e93cf62574f10c1ff13d8bdfd...
Updating file Languages/el/dolphin-emu.mo from content 3ee21a5fee2cfd08a5574265645ebf76...
Updating file Languages/es/dolphin-emu.mo from content 86a8a75f6c18e68e3627ef6e6bdd4d32...
Updating file Languages/fa/dolphin-emu.mo from content eef5ba5bb4cbc56d877dd95e890762a7...
Updating file Languages/fr/dolphin-emu.mo from content 81e972a551fd483a5034664ee5af8de7...
Updating file Languages/hr/dolphin-emu.mo from content c61b6886ab9c2555010ea7fb893489f6...
Updating file Languages/hu/dolphin-emu.mo from content 90391582d82a2eed74fa0f6e0408c333...
Updating file Languages/it/dolphin-emu.mo from content 92fb9f7c7866c979ce1bfee69e17b559...
Updating file Languages/ja/dolphin-emu.mo from content 9f98128e8389f9dd1b8fc9c06b5809a7...
Updating file Languages/ko/dolphin-emu.mo from content 3ffb79b67ca1d13c1296f2a43057a0d6...
Updating file Languages/ms/dolphin-emu.mo from content bef19bc8b461315cbe85044b666b576e...
Updating file Languages/nb/dolphin-emu.mo from content 5874e76fa07444c8477fbda88056aac1...
Updating file Languages/nl/dolphin-emu.mo from content 7fcdb21799f74f30a8b30796fc8fcb94...
Updating file Languages/pl/dolphin-emu.mo from content 08f4b34a275af588cdc098a84efa80b2...
Updating file Languages/pt/dolphin-emu.mo from content cca829bbdca49b521f5ec5ede98cc2cd...
Updating file Languages/pt_BR/dolphin-emu.mo from content 0028906d0891ab3d5bbff98f642beb3d...
Updating file Languages/ro/dolphin-emu.mo from content 98e0fc78106a79456a15f445a4b89574...
Updating file Languages/ru/dolphin-emu.mo from content dbd6effee4801a0cc3b54a028e9cd7ce...
Updating file Languages/sr/dolphin-emu.mo from content 93feeb8a755e51d3569e19f8963a18e2...
Updating file Languages/sv/dolphin-emu.mo from content cfd91e4673a759f1980d413ccd7dd0bf...
Updating file Languages/tr/dolphin-emu.mo from content d3b556c7ecd3b5d6e3e32b70eea09637...
Updating file Languages/zh_CN/dolphin-emu.mo from content df3354c1395684d40aa8b36f24ee382d...
Updating file Languages/zh_TW/dolphin-emu.mo from content aa22749601ae849436b592c3758e8308...
Updating file Sys/GC/dsp_rom.bin from content 4ea1fea6c649bcf9f627007bc9403d54...
Updating file Sys/GameSettings/ECH.ini from content 81bc48a0fbef4fa11bfee8581d915291...
Updating file Sys/GameSettings/ECM.ini from content e2c02bd76c659101ca10260e5682181b...
Updating file Sys/GameSettings/GCH.ini from content d62b66eb545cbbf3aa43874132011e82...
Updating file Sys/GameSettings/GGV.ini from content 35c93afb393cc4abdf1749e3d490296e...
Updating file Sys/GameSettings/GGVD78.ini from content 1c189f84347af2aff2c625497708c9d4...
Updating file Sys/GameSettings/GGVE78.ini from content e4faa38003d5c8f12e5f2144df4f61a9...
Updating file Sys/GameSettings/GGVP78.ini from content 727d72a59ecb7e6aa9ffc90cba0a3052...
Updating file Sys/GameSettings/GGVX78.ini from content 8fb35f919ce9e6f22a52afaecf3b2779...
Updating file Sys/GameSettings/GIC.ini from content 3956419a117d60909b0896563f8a67f8...
Updating file Sys/GameSettings/GICD78.ini from content 7ad83de48a393a31d4e2191163786e07...
Updating file Sys/GameSettings/GICE78.ini from content fb377a9e5401a8ce6498c1586e308e55...
Updating file Sys/GameSettings/GICF78.ini from content bf20b02a1c641688594ea7f4a0198563...
Updating file Sys/GameSettings/GICH78.ini from content f2bd016b66f34f4d6c3f43e51d6e7f81...
Updating file Sys/GameSettings/GICJG9.ini from content ed2bb00fec56ac217b5b7b98fc54289c...
Updating file Sys/GameSettings/GICP78.ini from content f8cf51cedff8441ef9692cd37b78c313...
Updating file Sys/GameSettings/GIH.ini from content 4e2229422d20b10fb768403254ecc757...
Updating file Sys/GameSettings/GIQ.ini from content f8e7432e2a271dd7cc2c646a907ff0fe...
Updating file Sys/GameSettings/GIQE78.ini from content 2795b1bb908b6b5c5d2074d48d166c85...
Updating file Sys/GameSettings/GIQJ8P.ini from content 60c8caeb3777e57975a2cab911fc9d10...
Updating file Sys/GameSettings/GIQX78.ini from content 569440c54b878f749950e8b4149f367f...
Updating file Sys/GameSettings/GIQY78.ini from content 46bb615c62232cd6b7085e7f88b29b35...
Updating file Sys/GameSettings/GLE.ini from content f2889f8fc6c078569f1a5ea56b81f7f6...
Updating file Sys/GameSettings/GLSD64.ini from content 783bd802c9ff7a36c155a794d51fbf5d...
Updating file Sys/GameSettings/GLSF64.ini from content 3538448ebdfca140b374d86083ef2acd...
Updating file Sys/GameSettings/GLSP64.ini from content 71c40566cbdc6321c9ff1c378cee519d...
Updating file Sys/GameSettings/GNM.ini from content 8f3a00d5be40b9f2d1e4883d2a2d1464...
Updating file Sys/GameSettings/GQP.ini from content 7704303c9a9ee6d3f22a1bb54bff0942...
Updating file Sys/GameSettings/GQPE78.ini from content cb1894724a1dc9c68bfa152e050f614f...
Updating file Sys/GameSettings/GQPP78.ini from content 6b27f9a0c4256a93805d4712cb0fa431...
Updating file Sys/GameSettings/GR6.ini from content 78a4466ff082a46af3c7d9062b92da26...
Updating file Sys/GameSettings/GU2.ini from content e9db74b3093588559e47bbf365dcb114...
Updating file Sys/GameSettings/GU2D78.ini from content ad39d860f48898e0e91b32dee4ff5927...
Updating file Sys/GameSettings/GU2F78.ini from content f6b629dc8e3ecf708b7dc67bee2bbd8b...
Updating file Sys/GameSettings/GU3.ini from content f4220006a2bcb3105a8fe316125e02fc...
Updating file Sys/GameSettings/GU3D78.ini from content 889fdb5be654fd3630f06469002e9f72...
Updating file Sys/GameSettings/GU3X78.ini from content f0b2b64abc5da9c4ceaf031e422f9c18...
Updating file Sys/GameSettings/GU4.ini from content a58fd0db4ac55994a3aef858c714af91...
Updating file Sys/GameSettings/GU4Y78.ini from content 246ed9c4494731dd7a1b5809614a9bda...
Updating file Sys/GameSettings/GVD.ini from content 497127b7a1739a3d459bc2635ed5e591...
Updating file Sys/GameSettings/GWK.ini from content e1734d82a34d7825fa5218ce39dab2c6...
Updating file Sys/GameSettings/GXG.ini from content 0807e447f08cd46fa6541a19ce21e910...
Updating file Sys/GameSettings/R5F.ini from content bf843169e75aeb4358ee7bf9c5863b5e...
Updating file Sys/GameSettings/R8I.ini from content 6e9f2ba485b64895c5bfa2dcaa68da0b...
Updating file Sys/GameSettings/R8R.ini from content afe6fdde387a6abd42172308672a5bd2...
Updating file Sys/GameSettings/RB5.ini from content 79bc90a0da79eacf22b6e3cea107a67c...
Updating file Sys/GameSettings/RB9.ini from content 88be2ddf32a58c9207b62fb5db451c64...
Updating file Sys/GameSettings/RCK.ini from content 38916f20dacf99fef79800e7f49e7c6a...
Updating file Sys/GameSettings/RI8.ini from content 511953fd48534a956469e5e3e1390aac...
Updating file Sys/GameSettings/RNO.ini from content 458e2b03ea0dafd29dc010bdd830b0c3...
Updating file Sys/GameSettings/RRL.ini from content 7de706e8393234aa703229fec786986c...
Updating file Sys/GameSettings/RRT.ini from content 157546d7087ceeef1788fd8ef25bbe73...
Updating file Sys/GameSettings/RSJ.ini from content 2d89e7a9483713c422ad392143a6156b...
Updating file Sys/GameSettings/RVA.ini from content 6b8b719d9f6041f50f765de522b85b93...
Updating file Sys/GameSettings/ST6.ini from content 1409fcab9a461867a35401e96af7fd53...
Updating file Updater.exe from content f9bda0cd7119deebe79241f537b46f34...
Update step completed.
Starting deletion step...
Deletion step completed.
